Arguments: 
  /home/student/.nvm/versions/node/v6.11.3/bin/node /home/student/.nvm/versions/node/v6.11.3/bin/yarn install

PATH: 
  /home/student/.nvm/versions/node/v6.11.3/bin:/usr/local/sbin:/usr/local/bin:/usr/sbin:/usr/bin:/sbin:/bin:/usr/games:/usr/local/games

Yarn version: 
  1.3.2

Node version: 
  6.11.3

Platform: 
  linux x64

npm manifest: 
  {
    "name": "bubblepop",
    "version": "1.0.0",
    "description": "",
    "main": "index.js",
    "scripts": {
      "start": "node server & webpack --watch"
    },
    "babel": {
      "presets": [
        "env",
        "react"
      ]
    },
    "keywords": [],
    "author": "EDA",
    "license": "ISC",
    "dependencies": {
      "express": "^4.16.2",
    },
    "devDependencies": {
      "babel-core": "^6.26.0",
      "babel-loader": "^7.1.2",
      "babel-preset-env": "^1.6.1",
      "babel-preset-react": "^6.24.1",
      "react": "^16.2.0",
      "react-dom": "^16.2.0",
      "webpack": "^3.10.0"
    }
  }

yarn manifest: 
  No manifest

Lockfile: 
  No lockfile

Trace: 
  SyntaxError: /home/student/workspace/jess/BubblePop/package.json: Unexpected token } in JSON at position 328
      at Object.parse (native)
      at /home/student/.nvm/versions/node/v6.11.3/lib/node_modules/yarn/lib/cli.js:770:59
      at next (native)
      at step (/home/student/.nvm/versions/node/v6.11.3/lib/node_modules/yarn/lib/cli.js:92:30)
      at /home/student/.nvm/versions/node/v6.11.3/lib/node_modules/yarn/lib/cli.js:103:13
